{"D:\\Programming Projects\\libraries-demo\\libraries-demo-use\\src\\components\\Jest\\components\\App.tsx": {"path":"D:\\Programming Projects\\libraries-demo\\libraries-demo-use\\src\\components\\Jest\\components\\App.tsx","statementMap":{"0":{"start":{"line":1,"column":0},"end":{"line":1,"column":32}},"1":{"start":{"line":2,"column":0},"end":{"line":2,"column":28}},"2":{"start":{"line":5,"column":1},"end":{"line":10,"column":3}},"3":{"start":{"line":4,"column":0},"end":{"line":4,"column":24}}},"fnMap":{"0":{"name":"App","decl":{"start":{"line":4,"column":24},"end":{"line":4,"column":27}},"loc":{"start":{"line":4,"column":27},"end":{"line":11,"column":1}}}},"branchMap":{},"s":{"0":1,"1":1,"2":1,"3":1},"f":{"0":1},"b":{}}
,"D:\\Programming Projects\\libraries-demo\\libraries-demo-use\\src\\components\\Jest\\components\\Counter.tsx": {"path":"D:\\Programming Projects\\libraries-demo\\libraries-demo-use\\src\\components\\Jest\\components\\Counter.tsx","statementMap":{"0":{"start":{"line":1,"column":0},"end":{"line":1,"column":39}},"1":{"start":{"line":8,"column":27},"end":{"line":8,"column":57}},"2":{"start":{"line":11,"column":2},"end":{"line":11,"column":22}},"3":{"start":{"line":15,"column":2},"end":{"line":15,"column":22}},"4":{"start":{"line":19,"column":2},"end":{"line":19,"column":14}},"5":{"start":{"line":22,"column":1},"end":{"line":48,"column":3}},"6":{"start":{"line":51,"column":0},"end":{"line":51,"column":29}}},"fnMap":{"0":{"name":"Counter","decl":{"start":{"line":7,"column":9},"end":{"line":7,"column":16}},"loc":{"start":{"line":7,"column":46},"end":{"line":49,"column":1}}},"1":{"name":"handleIncrement","decl":{"start":{"line":10,"column":10},"end":{"line":10,"column":25}},"loc":{"start":{"line":10,"column":25},"end":{"line":12,"column":2}}},"2":{"name":"handleDecrement","decl":{"start":{"line":14,"column":10},"end":{"line":14,"column":25}},"loc":{"start":{"line":14,"column":25},"end":{"line":16,"column":2}}},"3":{"name":"handleReset","decl":{"start":{"line":18,"column":10},"end":{"line":18,"column":21}},"loc":{"start":{"line":18,"column":21},"end":{"line":20,"column":2}}}},"branchMap":{},"s":{"0":2,"1":8,"2":1,"3":1,"4":1,"5":8,"6":2},"f":{"0":8,"1":1,"2":1,"3":1},"b":{}}
,"D:\\Programming Projects\\libraries-demo\\libraries-demo-use\\src\\components\\Jest\\components\\Login.tsx": {"path":"D:\\Programming Projects\\libraries-demo\\libraries-demo-use\\src\\components\\Jest\\components\\Login.tsx","statementMap":{"0":{"start":{"line":1,"column":0},"end":{"line":1,"column":44}},"1":{"start":{"line":2,"column":0},"end":{"line":2,"column":26}},"2":{"start":{"line":6,"column":41},"end":{"line":6,"column":65}},"3":{"start":{"line":7,"column":33},"end":{"line":7,"column":53}},"4":{"start":{"line":8,"column":33},"end":{"line":8,"column":53}},"5":{"start":{"line":9,"column":25},"end":{"line":9,"column":60}},"6":{"start":{"line":12,"column":2},"end":{"line":12,"column":25}},"7":{"start":{"line":14,"column":2},"end":{"line":14,"column":25}},"8":{"start":{"line":16,"column":2},"end":{"line":24,"column":3}},"9":{"start":{"line":18,"column":20},"end":{"line":19,"column":null}},"10":{"start":{"line":21,"column":3},"end":{"line":21,"column":17}},"11":{"start":{"line":23,"column":3},"end":{"line":23,"column":25}},"12":{"start":{"line":27,"column":1},"end":{"line":70,"column":3}},"13":{"start":{"line":38,"column":21},"end":{"line":38,"column":48}},"14":{"start":{"line":45,"column":21},"end":{"line":45,"column":48}},"15":{"start":{"line":5,"column":0},"end":{"line":5,"column":24}}},"fnMap":{"0":{"name":"Login","decl":{"start":{"line":5,"column":24},"end":{"line":5,"column":29}},"loc":{"start":{"line":5,"column":29},"end":{"line":71,"column":1}}},"1":{"name":"handleSubmit","decl":{"start":{"line":11,"column":16},"end":{"line":11,"column":28}},"loc":{"start":{"line":11,"column":62},"end":{"line":25,"column":2}}},"2":{"name":"(anonymous_3)","decl":{"start":{"line":38,"column":16},"end":{"line":38,"column":17}},"loc":{"start":{"line":38,"column":21},"end":{"line":38,"column":48}}},"3":{"name":"(anonymous_4)","decl":{"start":{"line":45,"column":16},"end":{"line":45,"column":17}},"loc":{"start":{"line":45,"column":21},"end":{"line":45,"column":48}}}},"branchMap":{"0":{"loc":{"start":{"line":51,"column":18},"end":{"line":51,"column":38}},"type":"binary-expr","locations":[{"start":{"line":51,"column":18},"end":{"line":51,"column":26}},{"start":{"line":51,"column":30},"end":{"line":51,"column":38}}]},"1":{"loc":{"start":{"line":57,"column":26},"end":{"line":57,"column":61}},"type":"cond-expr","locations":[{"start":{"line":57,"column":41},"end":{"line":57,"column":50}},{"start":{"line":57,"column":53},"end":{"line":57,"column":61}}]},"2":{"loc":{"start":{"line":65,"column":7},"end":{"line":65,"column":45}},"type":"cond-expr","locations":[{"start":{"line":65,"column":20},"end":{"line":65,"column":30}},{"start":{"line":65,"column":33},"end":{"line":65,"column":45}}]}},"s":{"0":2,"1":2,"2":26,"3":26,"4":26,"5":26,"6":2,"7":2,"8":2,"9":2,"10":1,"11":1,"12":26,"13":4,"14":4,"15":2},"f":{"0":26,"1":2,"2":4,"3":4},"b":{"0":[26,11],"1":[1,25],"2":[1,25]}}
}
