TN:
SF:src\components\Jest\components\App.tsx
FN:4,App
FNF:1
FNH:1
FNDA:1,App
DA:1,1
DA:2,1
DA:4,1
DA:5,1
LF:4
LH:4
BRF:0
BRH:0
end_of_record
TN:
SF:src\components\Jest\components\Counter.tsx
FN:7,Counter
FN:10,handleIncrement
FN:14,handleDecrement
FN:18,handleReset
FNF:4
FNH:4
FNDA:8,Counter
FNDA:1,handleIncrement
FNDA:1,handleDecrement
FNDA:1,handleReset
DA:1,2
DA:8,8
DA:11,1
DA:15,1
DA:19,1
DA:22,8
DA:51,2
LF:7
LH:7
BRF:0
BRH:0
end_of_record
TN:
SF:src\components\Jest\components\Login.tsx
FN:5,Login
FN:11,handleSubmit
FN:38,(anonymous_3)
FN:45,(anonymous_4)
FNF:4
FNH:4
FNDA:26,Login
FNDA:2,handleSubmit
FNDA:4,(anonymous_3)
FNDA:4,(anonymous_4)
DA:1,2
DA:2,2
DA:5,2
DA:6,26
DA:7,26
DA:8,26
DA:9,26
DA:12,2
DA:14,2
DA:16,2
DA:18,2
DA:21,1
DA:23,1
DA:27,26
DA:38,4
DA:45,4
LF:16
LH:16
BRDA:51,0,0,26
BRDA:51,0,1,11
BRDA:57,1,0,1
BRDA:57,1,1,25
BRDA:65,2,0,1
BRDA:65,2,1,25
BRF:6
BRH:6
end_of_record
